<?xml version="1.0" encoding="UTF-8"?>
<!-- Generated by org.testng.reporters.JUnitReportReporter -->
<testsuite skipped="0" hostname="DESKTOP-TA3D90D" name="dutta.DatePicker" tests="1" failures="0" timestamp="2020-04-25T17:07:16 EDT" time="0.909" errors="0">
  <testcase name="doMove" time="0.909" classname="dutta.DatePicker"/>
</testsuite> <!-- dutta.DatePicker -->
