<?xml version="1.0" encoding="UTF-8"?>
<!-- Generated by org.testng.reporters.JUnitReportReporter -->
<testsuite skipped="0" hostname="DESKTOP-TA3D90D" name="Selenium.TestNgPractice" tests="7" failures="0" timestamp="2021-01-15T18:31:36 EST" time="0.023" errors="0">
  <testcase name="test2" time="0.002" classname="Selenium.TestNgPractice"/>
  <testcase name="test1" time="0.002" classname="Selenium.TestNgPractice"/>
  <testcase name="test3" time="0.002" classname="Selenium.TestNgPractice"/>
  <testcase name="test1" time="0.003" classname="Selenium.TestNgPractice"/>
  <testcase name="test7" time="0.003" classname="Selenium.TestNgPractice"/>
  <testcase name="test6" time="0.003" classname="Selenium.TestNgPractice"/>
  <testcase name="test1" time="0.008" classname="Selenium.TestNgPractice"/>
</testsuite> <!-- Selenium.TestNgPractice -->
