<?xml version="1.0" encoding="UTF-8"?>
<!-- Generated by org.testng.reporters.JUnitReportReporter -->
<testsuite skipped="0" hostname="DESKTOP-TA3D90D" name="dutta.Testslide" tests="2" failures="0" timestamp="2020-04-29T22:11:25 EDT" time="2.387" errors="0">
  <testcase name="doSlide" time="0.504" classname="dutta.Testslide"/>
  <testcase name="doSlide1" time="1.883" classname="dutta.Testslide"/>
</testsuite> <!-- dutta.Testslide -->
