<?xml version="1.0" encoding="UTF-8"?>
<!-- Generated by org.testng.reporters.JUnitReportReporter -->
<testsuite skipped="0" hostname="DESKTOP-TA3D90D" name="dutta.DualListBox" tests="1" failures="0" timestamp="2020-04-21T15:40:43 EDT" time="5.305" errors="0">
  <testcase name="doMove" time="5.305" classname="dutta.DualListBox"/>
</testsuite> <!-- dutta.DualListBox -->
