<?xml version="1.0" encoding="UTF-8"?>
<!-- Generated by org.testng.reporters.JUnitReportReporter -->
<testsuite skipped="0" hostname="DESKTOP-TA3D90D" name="Selenium.HighlightTest" tests="1" failures="0" timestamp="2020-12-26T18:30:59 EST" time="0.690" errors="0">
  <testcase name="dologin" time="0.690" classname="Selenium.HighlightTest"/>
</testsuite> <!-- Selenium.HighlightTest -->
