<?xml version="1.0" encoding="UTF-8"?>
<!-- Generated by org.testng.reporters.JUnitReportReporter -->
<testsuite skipped="0" hostname="DESKTOP-TA3D90D" name="dutta.BootStrapDatePicker" tests="1" failures="0" timestamp="2020-04-25T17:26:37 EDT" time="0.324" errors="0">
  <testcase name="doMove" time="0.324" classname="dutta.BootStrapDatePicker"/>
</testsuite> <!-- dutta.BootStrapDatePicker -->
