<?xml version="1.0" encoding="UTF-8"?>
<!-- Generated by org.testng.reporters.JUnitReportReporter -->
<testsuite skipped="0" hostname="DESKTOP-TA3D90D" name="dutta.Highlight" tests="1" failures="0" timestamp="2020-04-25T16:34:57 EDT" time="1.795" errors="0">
  <testcase name="dologin" time="1.795" classname="dutta.Highlight"/>
</testsuite> <!-- dutta.Highlight -->
