<?xml version="1.0" encoding="UTF-8"?>
<!-- Generated by org.testng.reporters.JUnitReportReporter -->
<testsuite skipped="0" hostname="DESKTOP-TA3D90D" name="dutta.Tab" tests="2" failures="0" timestamp="2020-04-21T19:40:37 EDT" time="5.589" errors="0">
  <testcase name="doMove" time="3.053" classname="dutta.Tab"/>
  <testcase name="doOpentab" time="2.536" classname="dutta.Tab"/>
</testsuite> <!-- dutta.Tab -->
