<?xml version="1.0" encoding="UTF-8"?>
<!-- Generated by org.testng.reporters.JUnitReportReporter -->
<testsuite skipped="0" hostname="DESKTOP-TA3D90D" name="dutta.sort" tests="1" failures="0" timestamp="2020-04-29T20:07:54 EDT" time="0.354" errors="0">
  <testcase name="doSorting" time="0.354" classname="dutta.sort"/>
</testsuite> <!-- dutta.sort -->
