<?xml version="1.0" encoding="UTF-8"?>
<!-- Generated by org.testng.reporters.JUnitReportReporter -->
<testsuite skipped="0" hostname="DESKTOP-TA3D90D" name="dutta.Webtable" tests="1" failures="0" timestamp="2020-04-21T15:11:50 EDT" time="0.761" errors="0">
  <testcase name="doPrintTableData" time="0.761" classname="dutta.Webtable"/>
</testsuite> <!-- dutta.Webtable -->
