<?xml version="1.0" encoding="UTF-8"?>
<!-- Generated by org.testng.reporters.JUnitReportReporter -->
<testsuite skipped="0" hostname="DESKTOP-TA3D90D" name="dutta.WebtableTest" tests="1" failures="0" timestamp="2020-05-15T14:34:32 EDT" time="0.615" errors="0">
  <testcase name="doPrintTableData" time="0.615" classname="dutta.WebtableTest"/>
</testsuite> <!-- dutta.WebtableTest -->
