<?xml version="1.0" encoding="UTF-8"?>
<!-- Generated by org.testng.reporters.JUnitReportReporter -->
<testsuite skipped="0" hostname="DESKTOP-TA3D90D" name="dutta.Webtable_1" tests="1" failures="0" timestamp="2020-04-21T15:29:10 EDT" time="0.317" errors="0">
  <testcase name="doPrint" time="0.317" classname="dutta.Webtable_1"/>
</testsuite> <!-- dutta.Webtable_1 -->
