<?xml version="1.0" encoding="UTF-8"?>
<!-- Generated by org.testng.reporters.JUnitReportReporter -->
<testsuite skipped="0" hostname="DESKTOP-TA3D90D" name="dutta.TestToolTip" tests="1" failures="0" timestamp="2020-04-29T22:33:48 EDT" time="1.417" errors="0">
  <testcase name="doToolTip" time="1.417" classname="dutta.TestToolTip"/>
</testsuite> <!-- dutta.TestToolTip -->
