<?xml version="1.0" encoding="UTF-8"?>
<!-- Generated by org.testng.reporters.JUnitReportReporter -->
<testsuite skipped="0" hostname="DESKTOP-TA3D90D" name="dutta.TestDualListBox" tests="1" failures="0" timestamp="2020-04-27T19:16:42 EDT" time="5.256" errors="0">
  <testcase name="doMove" time="5.256" classname="dutta.TestDualListBox"/>
</testsuite> <!-- dutta.TestDualListBox -->
