<?xml version="1.0" encoding="UTF-8"?>
<!-- Generated by org.testng.reporters.JUnitReportReporter -->
<testsuite skipped="0" hostname="DESKTOP-TA3D90D" name="dutta.TestWebtable1" tests="1" failures="0" timestamp="2020-04-27T19:16:42 EDT" time="0.519" errors="0">
  <testcase name="doPrint" time="0.519" classname="dutta.TestWebtable1"/>
</testsuite> <!-- dutta.TestWebtable1 -->
