<?xml version="1.0" encoding="UTF-8"?>
<!-- Generated by org.testng.reporters.JUnitReportReporter -->
<testsuite skipped="0" hostname="DESKTOP-TA3D90D" name="dutta.TestDatePicker" tests="1" failures="0" timestamp="2020-04-27T19:16:42 EDT" time="0.783" errors="0">
  <testcase name="doMove" time="0.783" classname="dutta.TestDatePicker"/>
</testsuite> <!-- dutta.TestDatePicker -->
