<?xml version="1.0" encoding="UTF-8"?>
<!-- Generated by org.testng.reporters.JUnitReportReporter -->
<testsuite skipped="0" hostname="DESKTOP-TA3D90D" name="dutta.TestBootStrapDatePicker" tests="1" failures="0" timestamp="2020-04-27T19:16:42 EDT" time="0.393" errors="0">
  <testcase name="doMove" time="0.393" classname="dutta.TestBootStrapDatePicker"/>
</testsuite> <!-- dutta.TestBootStrapDatePicker -->
