<?xml version="1.0" encoding="UTF-8"?>
<!-- Generated by org.testng.reporters.JUnitReportReporter -->
<testsuite skipped="0" hostname="DESKTOP-TA3D90D" name="dutta.TestWebtable" tests="1" failures="0" timestamp="2020-04-27T19:16:42 EDT" time="0.651" errors="0">
  <testcase name="doPrintTableData" time="0.651" classname="dutta.TestWebtable"/>
</testsuite> <!-- dutta.TestWebtable -->
