<?xml version="1.0" encoding="UTF-8"?>
<!-- Generated by org.testng.reporters.JUnitReportReporter -->
<testsuite skipped="0" hostname="DESKTOP-TA3D90D" name="dutta.TestTab" tests="2" failures="0" timestamp="2020-04-27T19:16:42 EDT" time="5.588" errors="0">
  <testcase name="doOpentab" time="2.985" classname="dutta.TestTab"/>
  <testcase name="doMove" time="2.603" classname="dutta.TestTab"/>
</testsuite> <!-- dutta.TestTab -->
